2025-05-14T09:11:37.110+05:30  INFO 14280 --- [sdpbackend] [main] c.e.sdpbackend.SdpbackendApplication     : Starting SdpbackendApplication using Java 20.0.2 with PID 14280 (C:\Users\User\Desktop\SDP\SDPBE\target\classes started by User in C:\Users\User\Desktop\SDP\SDPBE)
2025-05-14T09:11:37.120+05:30  INFO 14280 --- [sdpbackend] [main] c.e.sdpbackend.SdpbackendApplication     : No active profile set, falling back to 1 default profile: "default"
2025-05-14T09:11:39.034+05:30  INFO 14280 --- [sdpbackend] [main] .s.d.r.c.RepositoryConfigurationDelegate : Bootstrapping Spring Data JPA repositories in DEFAULT mode.
2025-05-14T09:11:39.150+05:30  INFO 14280 --- [sdpbackend] [main] .s.d.r.c.RepositoryConfigurationDelegate : Finished Spring Data repository scanning in 104 ms. Found 14 JPA repository interfaces.
2025-05-14T09:11:39.822+05:30  INFO 14280 --- [sdpbackend] [main] o.s.b.w.embedded.tomcat.TomcatWebServer  : Tomcat initialized with port 8083 (http)
2025-05-14T09:11:39.836+05:30  INFO 14280 --- [sdpbackend] [main] o.apache.catalina.core.StandardService   : Starting service [Tomcat]
2025-05-14T09:11:39.837+05:30  INFO 14280 --- [sdpbackend] [main] o.apache.catalina.core.StandardEngine    : Starting Servlet engine: [Apache Tomcat/10.1.39]
2025-05-14T09:11:39.888+05:30  INFO 14280 --- [sdpbackend] [main] o.a.c.c.C.[Tomcat].[localhost].[/]       : Initializing Spring embedded WebApplicationContext
2025-05-14T09:11:39.888+05:30  INFO 14280 --- [sdpbackend] [main] w.s.c.ServletWebServerApplicationContext : Root WebApplicationContext: initialization completed in 2725 ms
2025-05-14T09:11:40.579+05:30  INFO 14280 --- [sdpbackend] [main] o.s.o.j.p.SpringPersistenceUnitInfo      : No LoadTimeWeaver setup: ignoring JPA class transformer
2025-05-14T09:11:40.613+05:30  INFO 14280 --- [sdpbackend] [main] com.zaxxer.hikari.HikariDataSource       : HikariPool-1 - Starting...
2025-05-14T09:11:41.764+05:30  INFO 14280 --- [sdpbackend] [main] com.zaxxer.hikari.pool.HikariPool        : HikariPool-1 - Added connection com.mysql.cj.jdbc.ConnectionImpl@299eca90
2025-05-14T09:11:41.765+05:30  INFO 14280 --- [sdpbackend] [main] com.zaxxer.hikari.HikariDataSource       : HikariPool-1 - Start completed.
2025-05-14T09:11:43.251+05:30  INFO 14280 --- [sdpbackend] [main] j.LocalContainerEntityManagerFactoryBean : Initialized JPA EntityManagerFactory for persistence unit 'default'
2025-05-14T09:11:43.689+05:30  INFO 14280 --- [sdpbackend] [main] o.s.d.j.r.query.QueryEnhancerFactory     : Hibernate is in classpath; If applicable, HQL parser will be used.
2025-05-14T09:11:44.355+05:30  WARN 14280 --- [sdpbackend] [main] JpaBaseConfiguration$JpaWebConfiguration : spring.jpa.open-in-view is enabled by default. Therefore, database queries may be performed during view rendering. Explicitly configure spring.jpa.open-in-view to disable this warning
2025-05-14T09:11:44.376+05:30  WARN 14280 --- [sdpbackend] [main] .s.s.UserDetailsServiceAutoConfiguration : 

Using generated security password: 4970ca6e-e251-42fd-8590-64d332721b53

This generated password is for development use only. Your security configuration must be updated before running your application in production.

2025-05-14T09:11:44.382+05:30  INFO 14280 --- [sdpbackend] [main] r$InitializeUserDetailsManagerConfigurer : Global AuthenticationManager configured with UserDetailsService bean with name inMemoryUserDetailsManager
2025-05-14T09:11:45.053+05:30  INFO 14280 --- [sdpbackend] [main] o.s.b.w.embedded.tomcat.TomcatWebServer  : Tomcat started on port 8083 (http) with context path '/'
2025-05-14T09:11:45.060+05:30  INFO 14280 --- [sdpbackend] [main] c.e.sdpbackend.SdpbackendApplication     : Started SdpbackendApplication in 8.553 seconds (process running for 10.421)
2025-05-14T09:12:25.637+05:30  INFO 14280 --- [sdpbackend] [http-nio-8083-exec-1] o.a.c.c.C.[Tomcat].[localhost].[/]       : Initializing Spring DispatcherServlet 'dispatcherServlet'
2025-05-14T09:12:25.637+05:30  INFO 14280 --- [sdpbackend] [http-nio-8083-exec-1] o.s.web.servlet.DispatcherServlet        : Initializing Servlet 'dispatcherServlet'
2025-05-14T09:12:25.639+05:30  INFO 14280 --- [sdpbackend] [http-nio-8083-exec-1] o.s.web.servlet.DispatcherServlet        : Completed initialization in 2 ms
2025-05-14T09:12:25.800+05:30  INFO 14280 --- [sdpbackend] [http-nio-8083-exec-9] c.e.s.config.JwtAuthenticationFilter     : Processing token for user: rid123 with role: ADMIN
2025-05-14T09:12:25.800+05:30  INFO 14280 --- [sdpbackend] [http-nio-8083-exec-8] c.e.s.config.JwtAuthenticationFilter     : Processing token for user: rid123 with role: ADMIN
2025-05-14T09:12:25.801+05:30  INFO 14280 --- [sdpbackend] [http-nio-8083-exec-9] c.e.s.config.JwtAuthenticationFilter     : Authenticated user: rid123 with role: ROLE_ADMIN
2025-05-14T09:12:25.801+05:30  INFO 14280 --- [sdpbackend] [http-nio-8083-exec-8] c.e.s.config.JwtAuthenticationFilter     : Authenticated user: rid123 with role: ROLE_ADMIN
2025-05-14T09:12:25.821+05:30  INFO 14280 --- [sdpbackend] [http-nio-8083-exec-2] c.e.s.config.JwtAuthenticationFilter     : Processing token for user: rid123 with role: ADMIN
2025-05-14T09:12:25.821+05:30  INFO 14280 --- [sdpbackend] [http-nio-8083-exec-5] c.e.s.config.JwtAuthenticationFilter     : Processing token for user: rid123 with role: ADMIN
2025-05-14T09:12:25.821+05:30  INFO 14280 --- [sdpbackend] [http-nio-8083-exec-2] c.e.s.config.JwtAuthenticationFilter     : Authenticated user: rid123 with role: ROLE_ADMIN
2025-05-14T09:12:25.821+05:30  INFO 14280 --- [sdpbackend] [http-nio-8083-exec-5] c.e.s.config.JwtAuthenticationFilter     : Authenticated user: rid123 with role: ROLE_ADMIN
2025-05-14T09:14:52.280+05:30  INFO 14280 --- [sdpbackend] [http-nio-8083-exec-2] c.e.s.config.JwtAuthenticationFilter     : Processing token for user: liya123 with role: CUSTOMER
2025-05-14T09:14:52.280+05:30  INFO 14280 --- [sdpbackend] [http-nio-8083-exec-2] c.e.s.config.JwtAuthenticationFilter     : Authenticated user: liya123 with role: ROLE_CUSTOMER
2025-05-14T09:15:58.313+05:30  INFO 14280 --- [sdpbackend] [http-nio-8083-exec-3] c.e.s.config.JwtAuthenticationFilter     : Processing token for user: liya123 with role: CUSTOMER
2025-05-14T09:15:58.314+05:30  INFO 14280 --- [sdpbackend] [http-nio-8083-exec-3] c.e.s.config.JwtAuthenticationFilter     : Authenticated user: liya123 with role: ROLE_CUSTOMER
2025-05-14T09:27:56.114+05:30  INFO 14280 --- [sdpbackend] [http-nio-8083-exec-10] c.e.s.config.JwtAuthenticationFilter     : Processing token for user: liya123 with role: CUSTOMER
2025-05-14T09:27:56.114+05:30  INFO 14280 --- [sdpbackend] [http-nio-8083-exec-10] c.e.s.config.JwtAuthenticationFilter     : Authenticated user: liya123 with role: ROLE_CUSTOMER
2025-05-14T09:27:56.115+05:30  INFO 14280 --- [sdpbackend] [http-nio-8083-exec-3] c.e.s.config.JwtAuthenticationFilter     : Processing token for user: liya123 with role: CUSTOMER
2025-05-14T09:27:56.115+05:30  INFO 14280 --- [sdpbackend] [http-nio-8083-exec-3] c.e.s.config.JwtAuthenticationFilter     : Authenticated user: liya123 with role: ROLE_CUSTOMER
2025-05-14T09:38:57.127+05:30  INFO 14280 --- [sdpbackend] [http-nio-8083-exec-9] c.e.s.config.JwtAuthenticationFilter     : Processing token for user: liya123 with role: CUSTOMER
2025-05-14T09:38:57.128+05:30  INFO 14280 --- [sdpbackend] [http-nio-8083-exec-9] c.e.s.config.JwtAuthenticationFilter     : Authenticated user: liya123 with role: ROLE_CUSTOMER
2025-05-14T09:39:01.526+05:30  INFO 14280 --- [sdpbackend] [http-nio-8083-exec-3] c.e.s.config.JwtAuthenticationFilter     : Processing token for user: liya123 with role: CUSTOMER
2025-05-14T09:39:01.526+05:30  INFO 14280 --- [sdpbackend] [http-nio-8083-exec-3] c.e.s.config.JwtAuthenticationFilter     : Authenticated user: liya123 with role: ROLE_CUSTOMER
2025-05-14T09:39:10.406+05:30  INFO 14280 --- [sdpbackend] [http-nio-8083-exec-1] c.e.s.config.JwtAuthenticationFilter     : Processing token for user: liya123 with role: CUSTOMER
2025-05-14T09:39:10.406+05:30  INFO 14280 --- [sdpbackend] [http-nio-8083-exec-1] c.e.s.config.JwtAuthenticationFilter     : Authenticated user: liya123 with role: ROLE_CUSTOMER
2025-05-14T09:39:12.530+05:30  INFO 14280 --- [sdpbackend] [http-nio-8083-exec-7] c.e.s.config.JwtAuthenticationFilter     : Processing token for user: liya123 with role: CUSTOMER
2025-05-14T09:39:12.531+05:30  INFO 14280 --- [sdpbackend] [http-nio-8083-exec-7] c.e.s.config.JwtAuthenticationFilter     : Authenticated user: liya123 with role: ROLE_CUSTOMER
2025-05-14T09:39:17.131+05:30  INFO 14280 --- [sdpbackend] [http-nio-8083-exec-8] c.e.s.config.JwtAuthenticationFilter     : Processing token for user: liya123 with role: CUSTOMER
2025-05-14T09:39:17.131+05:30  INFO 14280 --- [sdpbackend] [http-nio-8083-exec-8] c.e.s.config.JwtAuthenticationFilter     : Authenticated user: liya123 with role: ROLE_CUSTOMER
2025-05-14T09:47:05.170+05:30  INFO 14280 --- [sdpbackend] [http-nio-8083-exec-1] c.e.s.config.JwtAuthenticationFilter     : Processing token for user: liya123 with role: CUSTOMER
2025-05-14T09:47:05.171+05:30  INFO 14280 --- [sdpbackend] [http-nio-8083-exec-1] c.e.s.config.JwtAuthenticationFilter     : Authenticated user: liya123 with role: ROLE_CUSTOMER
2025-05-14T09:47:17.876+05:30  INFO 14280 --- [sdpbackend] [http-nio-8083-exec-9] c.e.s.config.JwtAuthenticationFilter     : Processing token for user: liya123 with role: CUSTOMER
2025-05-14T09:47:17.876+05:30  INFO 14280 --- [sdpbackend] [http-nio-8083-exec-9] c.e.s.config.JwtAuthenticationFilter     : Authenticated user: liya123 with role: ROLE_CUSTOMER
2025-05-14T09:48:19.665+05:30  INFO 14280 --- [sdpbackend] [http-nio-8083-exec-4] c.e.s.config.JwtAuthenticationFilter     : Processing token for user: liya123 with role: CUSTOMER
2025-05-14T09:48:19.665+05:30  INFO 14280 --- [sdpbackend] [http-nio-8083-exec-4] c.e.s.config.JwtAuthenticationFilter     : Authenticated user: liya123 with role: ROLE_CUSTOMER
2025-05-14T09:48:19.674+05:30  INFO 14280 --- [sdpbackend] [http-nio-8083-exec-4] c.e.s.controller.ReviewController        : Received review request: 4, Did a pretty good job from the begininng
2025-05-14T09:48:19.676+05:30  INFO 14280 --- [sdpbackend] [http-nio-8083-exec-4] c.e.s.controller.ReviewController        : Extracted username from token: liya123
2025-05-14T09:48:19.676+05:30  INFO 14280 --- [sdpbackend] [http-nio-8083-exec-4] c.e.sdpbackend.service.ReviewService     : Saving review for user: liya123
2025-05-14T09:48:19.723+05:30  INFO 14280 --- [sdpbackend] [http-nio-8083-exec-4] c.e.s.controller.ReviewController        : Review saved successfully with ID: 1
2025-05-14T09:53:33.676+05:30  INFO 14280 --- [sdpbackend] [http-nio-8083-exec-1] c.e.s.config.JwtAuthenticationFilter     : Processing token for user: liya123 with role: CUSTOMER
2025-05-14T09:53:33.677+05:30  INFO 14280 --- [sdpbackend] [http-nio-8083-exec-1] c.e.s.config.JwtAuthenticationFilter     : Authenticated user: liya123 with role: ROLE_CUSTOMER
2025-05-14T10:02:06.048+05:30  INFO 14280 --- [sdpbackend] [http-nio-8083-exec-10] c.e.s.config.JwtAuthenticationFilter     : Processing token for user: liya123 with role: CUSTOMER
2025-05-14T10:02:06.049+05:30  INFO 14280 --- [sdpbackend] [http-nio-8083-exec-10] c.e.s.config.JwtAuthenticationFilter     : Authenticated user: liya123 with role: ROLE_CUSTOMER
2025-05-14T10:02:11.550+05:30  INFO 14280 --- [sdpbackend] [http-nio-8083-exec-4] c.e.s.config.JwtAuthenticationFilter     : Processing token for user: liya123 with role: CUSTOMER
2025-05-14T10:02:11.550+05:30  INFO 14280 --- [sdpbackend] [http-nio-8083-exec-4] c.e.s.config.JwtAuthenticationFilter     : Authenticated user: liya123 with role: ROLE_CUSTOMER
2025-05-14T10:26:45.894+05:30  INFO 14280 --- [sdpbackend] [http-nio-8083-exec-4] c.e.s.config.JwtAuthenticationFilter     : Processing token for user: liya123 with role: CUSTOMER
2025-05-14T10:26:45.894+05:30  INFO 14280 --- [sdpbackend] [http-nio-8083-exec-4] c.e.s.config.JwtAuthenticationFilter     : Authenticated user: liya123 with role: ROLE_CUSTOMER
2025-05-14T10:26:45.896+05:30  INFO 14280 --- [sdpbackend] [http-nio-8083-exec-7] c.e.s.config.JwtAuthenticationFilter     : Processing token for user: liya123 with role: CUSTOMER
2025-05-14T10:26:45.896+05:30  INFO 14280 --- [sdpbackend] [http-nio-8083-exec-7] c.e.s.config.JwtAuthenticationFilter     : Authenticated user: liya123 with role: ROLE_CUSTOMER
2025-05-14T10:29:27.996+05:30  INFO 14280 --- [sdpbackend] [http-nio-8083-exec-2] c.e.s.config.JwtAuthenticationFilter     : Processing token for user: liya123 with role: CUSTOMER
2025-05-14T10:29:27.996+05:30  INFO 14280 --- [sdpbackend] [http-nio-8083-exec-2] c.e.s.config.JwtAuthenticationFilter     : Authenticated user: liya123 with role: ROLE_CUSTOMER
2025-05-14T10:29:31.984+05:30  INFO 14280 --- [sdpbackend] [http-nio-8083-exec-3] c.e.s.config.JwtAuthenticationFilter     : Processing token for user: liya123 with role: CUSTOMER
2025-05-14T10:29:31.984+05:30  INFO 14280 --- [sdpbackend] [http-nio-8083-exec-3] c.e.s.config.JwtAuthenticationFilter     : Authenticated user: liya123 with role: ROLE_CUSTOMER
2025-05-14T10:29:31.994+05:30  WARN 14280 --- [sdpbackend] [http-nio-8083-exec-3] .w.s.m.s.DefaultHandlerExceptionResolver : Resolved [org.springframework.web.method.annotation.MethodArgumentTypeMismatchException: Method parameter 'orderId': Failed to convert value of type 'java.lang.String' to required type 'java.lang.Long'; For input string: "undefined"]
2025-05-14T12:25:26.481+05:30  INFO 14280 --- [sdpbackend] [SpringApplicationShutdownHook] o.s.b.w.e.tomcat.GracefulShutdown        : Commencing graceful shutdown. Waiting for active requests to complete
2025-05-14T12:25:26.644+05:30  INFO 14280 --- [sdpbackend] [tomcat-shutdown] o.s.b.w.e.tomcat.GracefulShutdown        : Graceful shutdown complete
2025-05-14T12:25:26.652+05:30  INFO 14280 --- [sdpbackend] [SpringApplicationShutdownHook] j.LocalContainerEntityManagerFactoryBean : Closing JPA EntityManagerFactory for persistence unit 'default'
2025-05-14T12:25:26.658+05:30  INFO 14280 --- [sdpbackend] [SpringApplicationShutdownHook] com.zaxxer.hikari.HikariDataSource       : HikariPool-1 - Shutdown initiated...
2025-05-14T12:25:26.662+05:30  INFO 14280 --- [sdpbackend] [SpringApplicationShutdownHook] com.zaxxer.hikari.HikariDataSource       : HikariPool-1 - Shutdown completed.
2025-05-14T12:28:26.332+05:30  INFO 14992 --- [sdpbackend] [main] c.e.sdpbackend.SdpbackendApplication     : Starting SdpbackendApplication using Java 20.0.2 with PID 14992 (C:\Users\User\Desktop\SDP\SDPBE\target\classes started by User in C:\Users\User\Desktop\SDP\SDPBE)
2025-05-14T12:28:26.334+05:30  INFO 14992 --- [sdpbackend] [main] c.e.sdpbackend.SdpbackendApplication     : No active profile set, falling back to 1 default profile: "default"
2025-05-14T12:28:27.296+05:30  INFO 14992 --- [sdpbackend] [main] .s.d.r.c.RepositoryConfigurationDelegate : Bootstrapping Spring Data JPA repositories in DEFAULT mode.
2025-05-14T12:28:27.400+05:30  INFO 14992 --- [sdpbackend] [main] .s.d.r.c.RepositoryConfigurationDelegate : Finished Spring Data repository scanning in 97 ms. Found 15 JPA repository interfaces.
2025-05-14T12:28:27.842+05:30  INFO 14992 --- [sdpbackend] [main] o.s.b.w.embedded.tomcat.TomcatWebServer  : Tomcat initialized with port 8083 (http)
2025-05-14T12:28:27.853+05:30  INFO 14992 --- [sdpbackend] [main] o.apache.catalina.core.StandardService   : Starting service [Tomcat]
2025-05-14T12:28:27.854+05:30  INFO 14992 --- [sdpbackend] [main] o.apache.catalina.core.StandardEngine    : Starting Servlet engine: [Apache Tomcat/10.1.39]
2025-05-14T12:28:27.900+05:30  INFO 14992 --- [sdpbackend] [main] o.a.c.c.C.[Tomcat].[localhost].[/]       : Initializing Spring embedded WebApplicationContext
2025-05-14T12:28:27.901+05:30  INFO 14992 --- [sdpbackend] [main] w.s.c.ServletWebServerApplicationContext : Root WebApplicationContext: initialization completed in 1534 ms
2025-05-14T12:28:28.370+05:30  INFO 14992 --- [sdpbackend] [main] o.s.o.j.p.SpringPersistenceUnitInfo      : No LoadTimeWeaver setup: ignoring JPA class transformer
2025-05-14T12:28:28.396+05:30  INFO 14992 --- [sdpbackend] [main] com.zaxxer.hikari.HikariDataSource       : HikariPool-1 - Starting...
2025-05-14T12:28:28.714+05:30  INFO 14992 --- [sdpbackend] [main] com.zaxxer.hikari.pool.HikariPool        : HikariPool-1 - Added connection com.mysql.cj.jdbc.ConnectionImpl@7ec508e6
2025-05-14T12:28:28.716+05:30  INFO 14992 --- [sdpbackend] [main] com.zaxxer.hikari.HikariDataSource       : HikariPool-1 - Start completed.
2025-05-14T12:28:29.834+05:30  INFO 14992 --- [sdpbackend] [main] j.LocalContainerEntityManagerFactoryBean : Initialized JPA EntityManagerFactory for persistence unit 'default'
2025-05-14T12:28:30.192+05:30  INFO 14992 --- [sdpbackend] [main] o.s.d.j.r.query.QueryEnhancerFactory     : Hibernate is in classpath; If applicable, HQL parser will be used.
2025-05-14T12:28:30.616+05:30  WARN 14992 --- [sdpbackend] [main] ConfigServletWebServerApplicationContext : Exception encountered during context initialization - cancelling refresh attempt: org.springframework.beans.factory.UnsatisfiedDependencyException: Error creating bean with name 'passwordController' defined in file [C:\Users\User\Desktop\SDP\SDPBE\target\classes\com\example\sdpbackend\controller\PasswordController.class]: Unsatisfied dependency expressed through constructor parameter 1: Error creating bean with name 'passwordResetService' defined in file [C:\Users\User\Desktop\SDP\SDPBE\target\classes\com\example\sdpbackend\service\PasswordResetService.class]: Unsatisfied dependency expressed through constructor parameter 0: Error creating bean with name 'passwordResetTokenRepository' defined in com.example.sdpbackend.repository.PasswordResetTokenRepository defined in @EnableJpaRepositories declared on JpaRepositoriesRegistrar.EnableJpaRepositoriesConfiguration: Not a managed type: class com.example.sdpbackend.entity.PasswordResetToken
2025-05-14T12:28:30.616+05:30  INFO 14992 --- [sdpbackend] [main] j.LocalContainerEntityManagerFactoryBean : Closing JPA EntityManagerFactory for persistence unit 'default'
2025-05-14T12:28:30.618+05:30  INFO 14992 --- [sdpbackend] [main] com.zaxxer.hikari.HikariDataSource       : HikariPool-1 - Shutdown initiated...
2025-05-14T12:28:30.623+05:30  INFO 14992 --- [sdpbackend] [main] com.zaxxer.hikari.HikariDataSource       : HikariPool-1 - Shutdown completed.
2025-05-14T12:28:30.624+05:30  INFO 14992 --- [sdpbackend] [main] o.apache.catalina.core.StandardService   : Stopping service [Tomcat]
2025-05-14T12:28:30.633+05:30  INFO 14992 --- [sdpbackend] [main] .s.b.a.l.ConditionEvaluationReportLogger : 

Error starting ApplicationContext. To display the condition evaluation report re-run your application with 'debug' enabled.
2025-05-14T12:28:30.648+05:30 ERROR 14992 --- [sdpbackend] [main] o.s.boot.SpringApplication               : Application run failed

org.springframework.beans.factory.UnsatisfiedDependencyException: Error creating bean with name 'passwordController' defined in file [C:\Users\User\Desktop\SDP\SDPBE\target\classes\com\example\sdpbackend\controller\PasswordController.class]: Unsatisfied dependency expressed through constructor parameter 1: Error creating bean with name 'passwordResetService' defined in file [C:\Users\User\Desktop\SDP\SDPBE\target\classes\com\example\sdpbackend\service\PasswordResetService.class]: Unsatisfied dependency expressed through constructor parameter 0: Error creating bean with name 'passwordResetTokenRepository' defined in com.example.sdpbackend.repository.PasswordResetTokenRepository defined in @EnableJpaRepositories declared on JpaRepositoriesRegistrar.EnableJpaRepositoriesConfiguration: Not a managed type: class com.example.sdpbackend.entity.PasswordResetToken
	at org.springframework.beans.factory.support.ConstructorResolver.createArgumentArray(ConstructorResolver.java:804) ~[spring-beans-6.2.5.jar:6.2.5]
	at org.springframework.beans.factory.support.ConstructorResolver.autowireConstructor(ConstructorResolver.java:240) ~[spring-beans-6.2.5.jar:6.2.5]
	at org.springframework.beans.factory.support.AbstractAutowireCapableBeanFactory.autowireConstructor(AbstractAutowireCapableBeanFactory.java:1381) ~[spring-beans-6.2.5.jar:6.2.5]
	at org.springframework.beans.factory.support.AbstractAutowireCapableBeanFactory.createBeanInstance(AbstractAutowireCapableBeanFactory.java:1218) ~[spring-beans-6.2.5.jar:6.2.5]
	at org.springframework.beans.factory.support.AbstractAutowireCapableBeanFactory.doCreateBean(AbstractAutowireCapableBeanFactory.java:563) ~[spring-beans-6.2.5.jar:6.2.5]
	at org.springframework.beans.factory.support.AbstractAutowireCapableBeanFactory.createBean(AbstractAutowireCapableBeanFactory.java:523) ~[spring-beans-6.2.5.jar:6.2.5]
	at org.springframework.beans.factory.support.AbstractBeanFactory.lambda$doGetBean$0(AbstractBeanFactory.java:339) ~[spring-beans-6.2.5.jar:6.2.5]
	at org.springframework.beans.factory.support.DefaultSingletonBeanRegistry.getSingleton(DefaultSingletonBeanRegistry.java:347) ~[spring-beans-6.2.5.jar:6.2.5]
	at org.springframework.beans.factory.support.AbstractBeanFactory.doGetBean(AbstractBeanFactory.java:337) ~[spring-beans-6.2.5.jar:6.2.5]
	at org.springframework.beans.factory.support.AbstractBeanFactory.getBean(AbstractBeanFactory.java:202) ~[spring-beans-6.2.5.jar:6.2.5]
	at org.springframework.beans.factory.support.DefaultListableBeanFactory.instantiateSingleton(DefaultListableBeanFactory.java:1155) ~[spring-beans-6.2.5.jar:6.2.5]
	at org.springframework.beans.factory.support.DefaultListableBeanFactory.preInstantiateSingleton(DefaultListableBeanFactory.java:1121) ~[spring-beans-6.2.5.jar:6.2.5]
	at org.springframework.beans.factory.support.DefaultListableBeanFactory.preInstantiateSingletons(DefaultListableBeanFactory.java:1056) ~[spring-beans-6.2.5.jar:6.2.5]
	at org.springframework.context.support.AbstractApplicationContext.finishBeanFactoryInitialization(AbstractApplicationContext.java:987) ~[spring-context-6.2.5.jar:6.2.5]
	at org.springframework.context.support.AbstractApplicationContext.refresh(AbstractApplicationContext.java:627) ~[spring-context-6.2.5.jar:6.2.5]
	at org.springframework.boot.web.servlet.context.ServletWebServerApplicationContext.refresh(ServletWebServerApplicationContext.java:146) ~[spring-boot-3.4.4.jar:3.4.4]
	at org.springframework.boot.SpringApplication.refresh(SpringApplication.java:752) ~[spring-boot-3.4.4.jar:3.4.4]
	at org.springframework.boot.SpringApplication.refreshContext(SpringApplication.java:439) ~[spring-boot-3.4.4.jar:3.4.4]
	at org.springframework.boot.SpringApplication.run(SpringApplication.java:318) ~[spring-boot-3.4.4.jar:3.4.4]
	at org.springframework.boot.SpringApplication.run(SpringApplication.java:1361) ~[spring-boot-3.4.4.jar:3.4.4]
	at org.springframework.boot.SpringApplication.run(SpringApplication.java:1350) ~[spring-boot-3.4.4.jar:3.4.4]
	at com.example.sdpbackend.SdpbackendApplication.main(SdpbackendApplication.java:10) ~[classes/:na]
Caused by: org.springframework.beans.factory.UnsatisfiedDependencyException: Error creating bean with name 'passwordResetService' defined in file [C:\Users\User\Desktop\SDP\SDPBE\target\classes\com\example\sdpbackend\service\PasswordResetService.class]: Unsatisfied dependency expressed through constructor parameter 0: Error creating bean with name 'passwordResetTokenRepository' defined in com.example.sdpbackend.repository.PasswordResetTokenRepository defined in @EnableJpaRepositories declared on JpaRepositoriesRegistrar.EnableJpaRepositoriesConfiguration: Not a managed type: class com.example.sdpbackend.entity.PasswordResetToken
	at org.springframework.beans.factory.support.ConstructorResolver.createArgumentArray(ConstructorResolver.java:804) ~[spring-beans-6.2.5.jar:6.2.5]
	at org.springframework.beans.factory.support.ConstructorResolver.autowireConstructor(ConstructorResolver.java:240) ~[spring-beans-6.2.5.jar:6.2.5]
	at org.springframework.beans.factory.support.AbstractAutowireCapableBeanFactory.autowireConstructor(AbstractAutowireCapableBeanFactory.java:1381) ~[spring-beans-6.2.5.jar:6.2.5]
	at org.springframework.beans.factory.support.AbstractAutowireCapableBeanFactory.createBeanInstance(AbstractAutowireCapableBeanFactory.java:1218) ~[spring-beans-6.2.5.jar:6.2.5]
	at org.springframework.beans.factory.support.AbstractAutowireCapableBeanFactory.doCreateBean(AbstractAutowireCapableBeanFactory.java:563) ~[spring-beans-6.2.5.jar:6.2.5]
	at org.springframework.beans.factory.support.AbstractAutowireCapableBeanFactory.createBean(AbstractAutowireCapableBeanFactory.java:523) ~[spring-beans-6.2.5.jar:6.2.5]
	at org.springframework.beans.factory.support.AbstractBeanFactory.lambda$doGetBean$0(AbstractBeanFactory.java:339) ~[spring-beans-6.2.5.jar:6.2.5]
	at org.springframework.beans.factory.support.DefaultSingletonBeanRegistry.getSingleton(DefaultSingletonBeanRegistry.java:347) ~[spring-beans-6.2.5.jar:6.2.5]
	at org.springframework.beans.factory.support.AbstractBeanFactory.doGetBean(AbstractBeanFactory.java:337) ~[spring-beans-6.2.5.jar:6.2.5]
	at org.springframework.beans.factory.support.AbstractBeanFactory.getBean(AbstractBeanFactory.java:202) ~[spring-beans-6.2.5.jar:6.2.5]
	at org.springframework.beans.factory.support.DefaultListableBeanFactory.doResolveDependency(DefaultListableBeanFactory.java:1609) ~[spring-beans-6.2.5.jar:6.2.5]
	at org.springframework.beans.factory.support.DefaultListableBeanFactory.resolveDependency(DefaultListableBeanFactory.java:1555) ~[spring-beans-6.2.5.jar:6.2.5]
	at org.springframework.beans.factory.support.ConstructorResolver.resolveAutowiredArgument(ConstructorResolver.java:913) ~[spring-beans-6.2.5.jar:6.2.5]
	at org.springframework.beans.factory.support.ConstructorResolver.createArgumentArray(ConstructorResolver.java:791) ~[spring-beans-6.2.5.jar:6.2.5]
	... 21 common frames omitted
Caused by: org.springframework.beans.factory.BeanCreationException: Error creating bean with name 'passwordResetTokenRepository' defined in com.example.sdpbackend.repository.PasswordResetTokenRepository defined in @EnableJpaRepositories declared on JpaRepositoriesRegistrar.EnableJpaRepositoriesConfiguration: Not a managed type: class com.example.sdpbackend.entity.PasswordResetToken
	at org.springframework.beans.factory.support.AbstractAutowireCapableBeanFactory.initializeBean(AbstractAutowireCapableBeanFactory.java:1812) ~[spring-beans-6.2.5.jar:6.2.5]
	at org.springframework.beans.factory.support.AbstractAutowireCapableBeanFactory.doCreateBean(AbstractAutowireCapableBeanFactory.java:601) ~[spring-beans-6.2.5.jar:6.2.5]
	at org.springframework.beans.factory.support.AbstractAutowireCapableBeanFactory.createBean(AbstractAutowireCapableBeanFactory.java:523) ~[spring-beans-6.2.5.jar:6.2.5]
	at org.springframework.beans.factory.support.AbstractBeanFactory.lambda$doGetBean$0(AbstractBeanFactory.java:339) ~[spring-beans-6.2.5.jar:6.2.5]
	at org.springframework.beans.factory.support.DefaultSingletonBeanRegistry.getSingleton(DefaultSingletonBeanRegistry.java:347) ~[spring-beans-6.2.5.jar:6.2.5]
	at org.springframework.beans.factory.support.AbstractBeanFactory.doGetBean(AbstractBeanFactory.java:337) ~[spring-beans-6.2.5.jar:6.2.5]
	at org.springframework.beans.factory.support.AbstractBeanFactory.getBean(AbstractBeanFactory.java:202) ~[spring-beans-6.2.5.jar:6.2.5]
	at org.springframework.beans.factory.config.DependencyDescriptor.resolveCandidate(DependencyDescriptor.java:254) ~[spring-beans-6.2.5.jar:6.2.5]
	at org.springframework.beans.factory.support.DefaultListableBeanFactory.doResolveDependency(DefaultListableBeanFactory.java:1667) ~[spring-beans-6.2.5.jar:6.2.5]
	at org.springframework.beans.factory.support.DefaultListableBeanFactory.resolveDependency(DefaultListableBeanFactory.java:1555) ~[spring-beans-6.2.5.jar:6.2.5]
	at org.springframework.beans.factory.support.ConstructorResolver.resolveAutowiredArgument(ConstructorResolver.java:913) ~[spring-beans-6.2.5.jar:6.2.5]
	at org.springframework.beans.factory.support.ConstructorResolver.createArgumentArray(ConstructorResolver.java:791) ~[spring-beans-6.2.5.jar:6.2.5]
	... 34 common frames omitted
Caused by: java.lang.IllegalArgumentException: Not a managed type: class com.example.sdpbackend.entity.PasswordResetToken
	at org.hibernate.metamodel.model.domain.internal.JpaMetamodelImpl.managedType(JpaMetamodelImpl.java:223) ~[hibernate-core-6.6.11.Final.jar:6.6.11.Final]
	at org.hibernate.metamodel.model.domain.internal.MappingMetamodelImpl.managedType(MappingMetamodelImpl.java:470) ~[hibernate-core-6.6.11.Final.jar:6.6.11.Final]
	at org.hibernate.metamodel.model.domain.internal.MappingMetamodelImpl.managedType(MappingMetamodelImpl.java:100) ~[hibernate-core-6.6.11.Final.jar:6.6.11.Final]
	at org.springframework.data.jpa.repository.support.JpaMetamodelEntityInformation.<init>(JpaMetamodelEntityInformation.java:82) ~[spring-data-jpa-3.4.4.jar:3.4.4]
	at org.springframework.data.jpa.repository.support.JpaEntityInformationSupport.getEntityInformation(JpaEntityInformationSupport.java:69) ~[spring-data-jpa-3.4.4.jar:3.4.4]
	at org.springframework.data.jpa.repository.support.JpaRepositoryFactory.getEntityInformation(JpaRepositoryFactory.java:251) ~[spring-data-jpa-3.4.4.jar:3.4.4]
	at org.springframework.data.jpa.repository.support.JpaRepositoryFactory.getTargetRepository(JpaRepositoryFactory.java:215) ~[spring-data-jpa-3.4.4.jar:3.4.4]
	at org.springframework.data.jpa.repository.support.JpaRepositoryFactory.getTargetRepository(JpaRepositoryFactory.java:198) ~[spring-data-jpa-3.4.4.jar:3.4.4]
	at org.springframework.data.jpa.repository.support.JpaRepositoryFactory.getTargetRepository(JpaRepositoryFactory.java:1) ~[spring-data-jpa-3.4.4.jar:3.4.4]
	at org.springframework.data.repository.core.support.RepositoryFactorySupport.getRepository(RepositoryFactorySupport.java:377) ~[spring-data-commons-3.4.4.jar:3.4.4]
	at org.springframework.data.repository.core.support.RepositoryFactoryBeanSupport.lambda$afterPropertiesSet$4(RepositoryFactoryBeanSupport.java:350) ~[spring-data-commons-3.4.4.jar:3.4.4]
	at org.springframework.data.util.Lazy.getNullable(Lazy.java:135) ~[spring-data-commons-3.4.4.jar:3.4.4]
	at org.springframework.data.util.Lazy.get(Lazy.java:113) ~[spring-data-commons-3.4.4.jar:3.4.4]
	at org.springframework.data.repository.core.support.RepositoryFactoryBeanSupport.afterPropertiesSet(RepositoryFactoryBeanSupport.java:356) ~[spring-data-commons-3.4.4.jar:3.4.4]
	at org.springframework.data.jpa.repository.support.JpaRepositoryFactoryBean.afterPropertiesSet(JpaRepositoryFactoryBean.java:132) ~[spring-data-jpa-3.4.4.jar:3.4.4]
	at org.springframework.beans.factory.support.AbstractAutowireCapableBeanFactory.invokeInitMethods(AbstractAutowireCapableBeanFactory.java:1859) ~[spring-beans-6.2.5.jar:6.2.5]
	at org.springframework.beans.factory.support.AbstractAutowireCapableBeanFactory.initializeBean(AbstractAutowireCapableBeanFactory.java:1808) ~[spring-beans-6.2.5.jar:6.2.5]
	... 45 common frames omitted

2025-05-14T12:29:04.863+05:30  INFO 9004 --- [sdpbackend] [main] c.e.sdpbackend.SdpbackendApplication     : Starting SdpbackendApplication using Java 20.0.2 with PID 9004 (C:\Users\User\Desktop\SDP\SDPBE\target\classes started by User in C:\Users\User\Desktop\SDP\SDPBE)
2025-05-14T12:29:04.865+05:30  INFO 9004 --- [sdpbackend] [main] c.e.sdpbackend.SdpbackendApplication     : No active profile set, falling back to 1 default profile: "default"
2025-05-14T12:29:05.382+05:30  INFO 9004 --- [sdpbackend] [main] .s.d.r.c.RepositoryConfigurationDelegate : Bootstrapping Spring Data JPA repositories in DEFAULT mode.
2025-05-14T12:29:05.461+05:30  INFO 9004 --- [sdpbackend] [main] .s.d.r.c.RepositoryConfigurationDelegate : Finished Spring Data repository scanning in 73 ms. Found 15 JPA repository interfaces.
2025-05-14T12:29:05.855+05:30  INFO 9004 --- [sdpbackend] [main] o.s.b.w.embedded.tomcat.TomcatWebServer  : Tomcat initialized with port 8083 (http)
2025-05-14T12:29:05.864+05:30  INFO 9004 --- [sdpbackend] [main] o.apache.catalina.core.StandardService   : Starting service [Tomcat]
2025-05-14T12:29:05.865+05:30  INFO 9004 --- [sdpbackend] [main] o.apache.catalina.core.StandardEngine    : Starting Servlet engine: [Apache Tomcat/10.1.39]
2025-05-14T12:29:05.904+05:30  INFO 9004 --- [sdpbackend] [main] o.a.c.c.C.[Tomcat].[localhost].[/]       : Initializing Spring embedded WebApplicationContext
2025-05-14T12:29:05.904+05:30  INFO 9004 --- [sdpbackend] [main] w.s.c.ServletWebServerApplicationContext : Root WebApplicationContext: initialization completed in 1008 ms
2025-05-14T12:29:06.313+05:30  INFO 9004 --- [sdpbackend] [main] o.s.o.j.p.SpringPersistenceUnitInfo      : No LoadTimeWeaver setup: ignoring JPA class transformer
2025-05-14T12:29:06.337+05:30  INFO 9004 --- [sdpbackend] [main] com.zaxxer.hikari.HikariDataSource       : HikariPool-1 - Starting...
2025-05-14T12:29:06.557+05:30  INFO 9004 --- [sdpbackend] [main] com.zaxxer.hikari.pool.HikariPool        : HikariPool-1 - Added connection com.mysql.cj.jdbc.ConnectionImpl@76fc5687
2025-05-14T12:29:06.559+05:30  INFO 9004 --- [sdpbackend] [main] com.zaxxer.hikari.HikariDataSource       : HikariPool-1 - Start completed.
2025-05-14T12:29:07.562+05:30  INFO 9004 --- [sdpbackend] [main] j.LocalContainerEntityManagerFactoryBean : Initialized JPA EntityManagerFactory for persistence unit 'default'
2025-05-14T12:29:07.927+05:30  INFO 9004 --- [sdpbackend] [main] o.s.d.j.r.query.QueryEnhancerFactory     : Hibernate is in classpath; If applicable, HQL parser will be used.
2025-05-14T12:29:08.338+05:30  WARN 9004 --- [sdpbackend] [main] ConfigServletWebServerApplicationContext : Exception encountered during context initialization - cancelling refresh attempt: org.springframework.beans.factory.UnsatisfiedDependencyException: Error creating bean with name 'passwordController' defined in file [C:\Users\User\Desktop\SDP\SDPBE\target\classes\com\example\sdpbackend\controller\PasswordController.class]: Unsatisfied dependency expressed through constructor parameter 1: Error creating bean with name 'passwordResetService' defined in file [C:\Users\User\Desktop\SDP\SDPBE\target\classes\com\example\sdpbackend\service\PasswordResetService.class]: Unsatisfied dependency expressed through constructor parameter 0: Error creating bean with name 'passwordResetTokenRepository' defined in com.example.sdpbackend.repository.PasswordResetTokenRepository defined in @EnableJpaRepositories declared on JpaRepositoriesRegistrar.EnableJpaRepositoriesConfiguration: Not a managed type: class com.example.sdpbackend.entity.PasswordResetToken
2025-05-14T12:29:08.339+05:30  INFO 9004 --- [sdpbackend] [main] j.LocalContainerEntityManagerFactoryBean : Closing JPA EntityManagerFactory for persistence unit 'default'
2025-05-14T12:29:08.341+05:30  INFO 9004 --- [sdpbackend] [main] com.zaxxer.hikari.HikariDataSource       : HikariPool-1 - Shutdown initiated...
2025-05-14T12:29:08.345+05:30  INFO 9004 --- [sdpbackend] [main] com.zaxxer.hikari.HikariDataSource       : HikariPool-1 - Shutdown completed.
2025-05-14T12:29:08.347+05:30  INFO 9004 --- [sdpbackend] [main] o.apache.catalina.core.StandardService   : Stopping service [Tomcat]
2025-05-14T12:29:08.355+05:30  INFO 9004 --- [sdpbackend] [main] .s.b.a.l.ConditionEvaluationReportLogger : 

Error starting ApplicationContext. To display the condition evaluation report re-run your application with 'debug' enabled.
2025-05-14T12:29:08.367+05:30 ERROR 9004 --- [sdpbackend] [main] o.s.boot.SpringApplication               : Application run failed

org.springframework.beans.factory.UnsatisfiedDependencyException: Error creating bean with name 'passwordController' defined in file [C:\Users\User\Desktop\SDP\SDPBE\target\classes\com\example\sdpbackend\controller\PasswordController.class]: Unsatisfied dependency expressed through constructor parameter 1: Error creating bean with name 'passwordResetService' defined in file [C:\Users\User\Desktop\SDP\SDPBE\target\classes\com\example\sdpbackend\service\PasswordResetService.class]: Unsatisfied dependency expressed through constructor parameter 0: Error creating bean with name 'passwordResetTokenRepository' defined in com.example.sdpbackend.repository.PasswordResetTokenRepository defined in @EnableJpaRepositories declared on JpaRepositoriesRegistrar.EnableJpaRepositoriesConfiguration: Not a managed type: class com.example.sdpbackend.entity.PasswordResetToken
	at org.springframework.beans.factory.support.ConstructorResolver.createArgumentArray(ConstructorResolver.java:804) ~[spring-beans-6.2.5.jar:6.2.5]
	at org.springframework.beans.factory.support.ConstructorResolver.autowireConstructor(ConstructorResolver.java:240) ~[spring-beans-6.2.5.jar:6.2.5]
	at org.springframework.beans.factory.support.AbstractAutowireCapableBeanFactory.autowireConstructor(AbstractAutowireCapableBeanFactory.java:1381) ~[spring-beans-6.2.5.jar:6.2.5]
	at org.springframework.beans.factory.support.AbstractAutowireCapableBeanFactory.createBeanInstance(AbstractAutowireCapableBeanFactory.java:1218) ~[spring-beans-6.2.5.jar:6.2.5]
	at org.springframework.beans.factory.support.AbstractAutowireCapableBeanFactory.doCreateBean(AbstractAutowireCapableBeanFactory.java:563) ~[spring-beans-6.2.5.jar:6.2.5]
	at org.springframework.beans.factory.support.AbstractAutowireCapableBeanFactory.createBean(AbstractAutowireCapableBeanFactory.java:523) ~[spring-beans-6.2.5.jar:6.2.5]
	at org.springframework.beans.factory.support.AbstractBeanFactory.lambda$doGetBean$0(AbstractBeanFactory.java:339) ~[spring-beans-6.2.5.jar:6.2.5]
	at org.springframework.beans.factory.support.DefaultSingletonBeanRegistry.getSingleton(DefaultSingletonBeanRegistry.java:347) ~[spring-beans-6.2.5.jar:6.2.5]
	at org.springframework.beans.factory.support.AbstractBeanFactory.doGetBean(AbstractBeanFactory.java:337) ~[spring-beans-6.2.5.jar:6.2.5]
	at org.springframework.beans.factory.support.AbstractBeanFactory.getBean(AbstractBeanFactory.java:202) ~[spring-beans-6.2.5.jar:6.2.5]
	at org.springframework.beans.factory.support.DefaultListableBeanFactory.instantiateSingleton(DefaultListableBeanFactory.java:1155) ~[spring-beans-6.2.5.jar:6.2.5]
	at org.springframework.beans.factory.support.DefaultListableBeanFactory.preInstantiateSingleton(DefaultListableBeanFactory.java:1121) ~[spring-beans-6.2.5.jar:6.2.5]
	at org.springframework.beans.factory.support.DefaultListableBeanFactory.preInstantiateSingletons(DefaultListableBeanFactory.java:1056) ~[spring-beans-6.2.5.jar:6.2.5]
	at org.springframework.context.support.AbstractApplicationContext.finishBeanFactoryInitialization(AbstractApplicationContext.java:987) ~[spring-context-6.2.5.jar:6.2.5]
	at org.springframework.context.support.AbstractApplicationContext.refresh(AbstractApplicationContext.java:627) ~[spring-context-6.2.5.jar:6.2.5]
	at org.springframework.boot.web.servlet.context.ServletWebServerApplicationContext.refresh(ServletWebServerApplicationContext.java:146) ~[spring-boot-3.4.4.jar:3.4.4]
	at org.springframework.boot.SpringApplication.refresh(SpringApplication.java:752) ~[spring-boot-3.4.4.jar:3.4.4]
	at org.springframework.boot.SpringApplication.refreshContext(SpringApplication.java:439) ~[spring-boot-3.4.4.jar:3.4.4]
	at org.springframework.boot.SpringApplication.run(SpringApplication.java:318) ~[spring-boot-3.4.4.jar:3.4.4]
	at org.springframework.boot.SpringApplication.run(SpringApplication.java:1361) ~[spring-boot-3.4.4.jar:3.4.4]
	at org.springframework.boot.SpringApplication.run(SpringApplication.java:1350) ~[spring-boot-3.4.4.jar:3.4.4]
	at com.example.sdpbackend.SdpbackendApplication.main(SdpbackendApplication.java:10) ~[classes/:na]
Caused by: org.springframework.beans.factory.UnsatisfiedDependencyException: Error creating bean with name 'passwordResetService' defined in file [C:\Users\User\Desktop\SDP\SDPBE\target\classes\com\example\sdpbackend\service\PasswordResetService.class]: Unsatisfied dependency expressed through constructor parameter 0: Error creating bean with name 'passwordResetTokenRepository' defined in com.example.sdpbackend.repository.PasswordResetTokenRepository defined in @EnableJpaRepositories declared on JpaRepositoriesRegistrar.EnableJpaRepositoriesConfiguration: Not a managed type: class com.example.sdpbackend.entity.PasswordResetToken
	at org.springframework.beans.factory.support.ConstructorResolver.createArgumentArray(ConstructorResolver.java:804) ~[spring-beans-6.2.5.jar:6.2.5]
	at org.springframework.beans.factory.support.ConstructorResolver.autowireConstructor(ConstructorResolver.java:240) ~[spring-beans-6.2.5.jar:6.2.5]
	at org.springframework.beans.factory.support.AbstractAutowireCapableBeanFactory.autowireConstructor(AbstractAutowireCapableBeanFactory.java:1381) ~[spring-beans-6.2.5.jar:6.2.5]
	at org.springframework.beans.factory.support.AbstractAutowireCapableBeanFactory.createBeanInstance(AbstractAutowireCapableBeanFactory.java:1218) ~[spring-beans-6.2.5.jar:6.2.5]
	at org.springframework.beans.factory.support.AbstractAutowireCapableBeanFactory.doCreateBean(AbstractAutowireCapableBeanFactory.java:563) ~[spring-beans-6.2.5.jar:6.2.5]
	at org.springframework.beans.factory.support.AbstractAutowireCapableBeanFactory.createBean(AbstractAutowireCapableBeanFactory.java:523) ~[spring-beans-6.2.5.jar:6.2.5]
	at org.springframework.beans.factory.support.AbstractBeanFactory.lambda$doGetBean$0(AbstractBeanFactory.java:339) ~[spring-beans-6.2.5.jar:6.2.5]
	at org.springframework.beans.factory.support.DefaultSingletonBeanRegistry.getSingleton(DefaultSingletonBeanRegistry.java:347) ~[spring-beans-6.2.5.jar:6.2.5]
	at org.springframework.beans.factory.support.AbstractBeanFactory.doGetBean(AbstractBeanFactory.java:337) ~[spring-beans-6.2.5.jar:6.2.5]
	at org.springframework.beans.factory.support.AbstractBeanFactory.getBean(AbstractBeanFactory.java:202) ~[spring-beans-6.2.5.jar:6.2.5]
	at org.springframework.beans.factory.support.DefaultListableBeanFactory.doResolveDependency(DefaultListableBeanFactory.java:1609) ~[spring-beans-6.2.5.jar:6.2.5]
	at org.springframework.beans.factory.support.DefaultListableBeanFactory.resolveDependency(DefaultListableBeanFactory.java:1555) ~[spring-beans-6.2.5.jar:6.2.5]
	at org.springframework.beans.factory.support.ConstructorResolver.resolveAutowiredArgument(ConstructorResolver.java:913) ~[spring-beans-6.2.5.jar:6.2.5]
	at org.springframework.beans.factory.support.ConstructorResolver.createArgumentArray(ConstructorResolver.java:791) ~[spring-beans-6.2.5.jar:6.2.5]
	... 21 common frames omitted
Caused by: org.springframework.beans.factory.BeanCreationException: Error creating bean with name 'passwordResetTokenRepository' defined in com.example.sdpbackend.repository.PasswordResetTokenRepository defined in @EnableJpaRepositories declared on JpaRepositoriesRegistrar.EnableJpaRepositoriesConfiguration: Not a managed type: class com.example.sdpbackend.entity.PasswordResetToken
	at org.springframework.beans.factory.support.AbstractAutowireCapableBeanFactory.initializeBean(AbstractAutowireCapableBeanFactory.java:1812) ~[spring-beans-6.2.5.jar:6.2.5]
	at org.springframework.beans.factory.support.AbstractAutowireCapableBeanFactory.doCreateBean(AbstractAutowireCapableBeanFactory.java:601) ~[spring-beans-6.2.5.jar:6.2.5]
	at org.springframework.beans.factory.support.AbstractAutowireCapableBeanFactory.createBean(AbstractAutowireCapableBeanFactory.java:523) ~[spring-beans-6.2.5.jar:6.2.5]
	at org.springframework.beans.factory.support.AbstractBeanFactory.lambda$doGetBean$0(AbstractBeanFactory.java:339) ~[spring-beans-6.2.5.jar:6.2.5]
	at org.springframework.beans.factory.support.DefaultSingletonBeanRegistry.getSingleton(DefaultSingletonBeanRegistry.java:347) ~[spring-beans-6.2.5.jar:6.2.5]
	at org.springframework.beans.factory.support.AbstractBeanFactory.doGetBean(AbstractBeanFactory.java:337) ~[spring-beans-6.2.5.jar:6.2.5]
	at org.springframework.beans.factory.support.AbstractBeanFactory.getBean(AbstractBeanFactory.java:202) ~[spring-beans-6.2.5.jar:6.2.5]
	at org.springframework.beans.factory.config.DependencyDescriptor.resolveCandidate(DependencyDescriptor.java:254) ~[spring-beans-6.2.5.jar:6.2.5]
	at org.springframework.beans.factory.support.DefaultListableBeanFactory.doResolveDependency(DefaultListableBeanFactory.java:1667) ~[spring-beans-6.2.5.jar:6.2.5]
	at org.springframework.beans.factory.support.DefaultListableBeanFactory.resolveDependency(DefaultListableBeanFactory.java:1555) ~[spring-beans-6.2.5.jar:6.2.5]
	at org.springframework.beans.factory.support.ConstructorResolver.resolveAutowiredArgument(ConstructorResolver.java:913) ~[spring-beans-6.2.5.jar:6.2.5]
	at org.springframework.beans.factory.support.ConstructorResolver.createArgumentArray(ConstructorResolver.java:791) ~[spring-beans-6.2.5.jar:6.2.5]
	... 34 common frames omitted
Caused by: java.lang.IllegalArgumentException: Not a managed type: class com.example.sdpbackend.entity.PasswordResetToken
	at org.hibernate.metamodel.model.domain.internal.JpaMetamodelImpl.managedType(JpaMetamodelImpl.java:223) ~[hibernate-core-6.6.11.Final.jar:6.6.11.Final]
	at org.hibernate.metamodel.model.domain.internal.MappingMetamodelImpl.managedType(MappingMetamodelImpl.java:470) ~[hibernate-core-6.6.11.Final.jar:6.6.11.Final]
	at org.hibernate.metamodel.model.domain.internal.MappingMetamodelImpl.managedType(MappingMetamodelImpl.java:100) ~[hibernate-core-6.6.11.Final.jar:6.6.11.Final]
	at org.springframework.data.jpa.repository.support.JpaMetamodelEntityInformation.<init>(JpaMetamodelEntityInformation.java:82) ~[spring-data-jpa-3.4.4.jar:3.4.4]
	at org.springframework.data.jpa.repository.support.JpaEntityInformationSupport.getEntityInformation(JpaEntityInformationSupport.java:69) ~[spring-data-jpa-3.4.4.jar:3.4.4]
	at org.springframework.data.jpa.repository.support.JpaRepositoryFactory.getEntityInformation(JpaRepositoryFactory.java:251) ~[spring-data-jpa-3.4.4.jar:3.4.4]
	at org.springframework.data.jpa.repository.support.JpaRepositoryFactory.getTargetRepository(JpaRepositoryFactory.java:215) ~[spring-data-jpa-3.4.4.jar:3.4.4]
	at org.springframework.data.jpa.repository.support.JpaRepositoryFactory.getTargetRepository(JpaRepositoryFactory.java:198) ~[spring-data-jpa-3.4.4.jar:3.4.4]
	at org.springframework.data.jpa.repository.support.JpaRepositoryFactory.getTargetRepository(JpaRepositoryFactory.java:1) ~[spring-data-jpa-3.4.4.jar:3.4.4]
	at org.springframework.data.repository.core.support.RepositoryFactorySupport.getRepository(RepositoryFactorySupport.java:377) ~[spring-data-commons-3.4.4.jar:3.4.4]
	at org.springframework.data.repository.core.support.RepositoryFactoryBeanSupport.lambda$afterPropertiesSet$4(RepositoryFactoryBeanSupport.java:350) ~[spring-data-commons-3.4.4.jar:3.4.4]
	at org.springframework.data.util.Lazy.getNullable(Lazy.java:135) ~[spring-data-commons-3.4.4.jar:3.4.4]
	at org.springframework.data.util.Lazy.get(Lazy.java:113) ~[spring-data-commons-3.4.4.jar:3.4.4]
	at org.springframework.data.repository.core.support.RepositoryFactoryBeanSupport.afterPropertiesSet(RepositoryFactoryBeanSupport.java:356) ~[spring-data-commons-3.4.4.jar:3.4.4]
	at org.springframework.data.jpa.repository.support.JpaRepositoryFactoryBean.afterPropertiesSet(JpaRepositoryFactoryBean.java:132) ~[spring-data-jpa-3.4.4.jar:3.4.4]
	at org.springframework.beans.factory.support.AbstractAutowireCapableBeanFactory.invokeInitMethods(AbstractAutowireCapableBeanFactory.java:1859) ~[spring-beans-6.2.5.jar:6.2.5]
	at org.springframework.beans.factory.support.AbstractAutowireCapableBeanFactory.initializeBean(AbstractAutowireCapableBeanFactory.java:1808) ~[spring-beans-6.2.5.jar:6.2.5]
	... 45 common frames omitted

2025-05-14T12:29:26.192+05:30  INFO 25624 --- [sdpbackend] [main] c.e.sdpbackend.SdpbackendApplication     : Starting SdpbackendApplication using Java 20.0.2 with PID 25624 (C:\Users\User\Desktop\SDP\SDPBE\target\classes started by User in C:\Users\User\Desktop\SDP\SDPBE)
2025-05-14T12:29:26.194+05:30  INFO 25624 --- [sdpbackend] [main] c.e.sdpbackend.SdpbackendApplication     : No active profile set, falling back to 1 default profile: "default"
2025-05-14T12:29:26.710+05:30  INFO 25624 --- [sdpbackend] [main] .s.d.r.c.RepositoryConfigurationDelegate : Bootstrapping Spring Data JPA repositories in DEFAULT mode.
2025-05-14T12:29:26.794+05:30  INFO 25624 --- [sdpbackend] [main] .s.d.r.c.RepositoryConfigurationDelegate : Finished Spring Data repository scanning in 78 ms. Found 15 JPA repository interfaces.
2025-05-14T12:29:27.202+05:30  INFO 25624 --- [sdpbackend] [main] o.s.b.w.embedded.tomcat.TomcatWebServer  : Tomcat initialized with port 8083 (http)
2025-05-14T12:29:27.211+05:30  INFO 25624 --- [sdpbackend] [main] o.apache.catalina.core.StandardService   : Starting service [Tomcat]
2025-05-14T12:29:27.211+05:30  INFO 25624 --- [sdpbackend] [main] o.apache.catalina.core.StandardEngine    : Starting Servlet engine: [Apache Tomcat/10.1.39]
2025-05-14T12:29:27.251+05:30  INFO 25624 --- [sdpbackend] [main] o.a.c.c.C.[Tomcat].[localhost].[/]       : Initializing Spring embedded WebApplicationContext
2025-05-14T12:29:27.251+05:30  INFO 25624 --- [sdpbackend] [main] w.s.c.ServletWebServerApplicationContext : Root WebApplicationContext: initialization completed in 1027 ms
2025-05-14T12:29:27.653+05:30  INFO 25624 --- [sdpbackend] [main] o.s.o.j.p.SpringPersistenceUnitInfo      : No LoadTimeWeaver setup: ignoring JPA class transformer
2025-05-14T12:29:27.677+05:30  INFO 25624 --- [sdpbackend] [main] com.zaxxer.hikari.HikariDataSource       : HikariPool-1 - Starting...
2025-05-14T12:29:27.903+05:30  INFO 25624 --- [sdpbackend] [main] com.zaxxer.hikari.pool.HikariPool        : HikariPool-1 - Added connection com.mysql.cj.jdbc.ConnectionImpl@7ec508e6
2025-05-14T12:29:27.905+05:30  INFO 25624 --- [sdpbackend] [main] com.zaxxer.hikari.HikariDataSource       : HikariPool-1 - Start completed.
2025-05-14T12:29:28.928+05:30  INFO 25624 --- [sdpbackend] [main] j.LocalContainerEntityManagerFactoryBean : Initialized JPA EntityManagerFactory for persistence unit 'default'
2025-05-14T12:29:29.298+05:30  INFO 25624 --- [sdpbackend] [main] o.s.d.j.r.query.QueryEnhancerFactory     : Hibernate is in classpath; If applicable, HQL parser will be used.
2025-05-14T12:29:29.729+05:30  WARN 25624 --- [sdpbackend] [main] ConfigServletWebServerApplicationContext : Exception encountered during context initialization - cancelling refresh attempt: org.springframework.beans.factory.UnsatisfiedDependencyException: Error creating bean with name 'passwordController' defined in file [C:\Users\User\Desktop\SDP\SDPBE\target\classes\com\example\sdpbackend\controller\PasswordController.class]: Unsatisfied dependency expressed through constructor parameter 1: Error creating bean with name 'passwordResetService' defined in file [C:\Users\User\Desktop\SDP\SDPBE\target\classes\com\example\sdpbackend\service\PasswordResetService.class]: Unsatisfied dependency expressed through constructor parameter 0: Error creating bean with name 'passwordResetTokenRepository' defined in com.example.sdpbackend.repository.PasswordResetTokenRepository defined in @EnableJpaRepositories declared on JpaRepositoriesRegistrar.EnableJpaRepositoriesConfiguration: Not a managed type: class com.example.sdpbackend.entity.PasswordResetToken
2025-05-14T12:29:29.730+05:30  INFO 25624 --- [sdpbackend] [main] j.LocalContainerEntityManagerFactoryBean : Closing JPA EntityManagerFactory for persistence unit 'default'
2025-05-14T12:29:29.732+05:30  INFO 25624 --- [sdpbackend] [main] com.zaxxer.hikari.HikariDataSource       : HikariPool-1 - Shutdown initiated...
2025-05-14T12:29:29.737+05:30  INFO 25624 --- [sdpbackend] [main] com.zaxxer.hikari.HikariDataSource       : HikariPool-1 - Shutdown completed.
2025-05-14T12:29:29.739+05:30  INFO 25624 --- [sdpbackend] [main] o.apache.catalina.core.StandardService   : Stopping service [Tomcat]
2025-05-14T12:29:29.747+05:30  INFO 25624 --- [sdpbackend] [main] .s.b.a.l.ConditionEvaluationReportLogger : 

Error starting ApplicationContext. To display the condition evaluation report re-run your application with 'debug' enabled.
2025-05-14T12:29:29.760+05:30 ERROR 25624 --- [sdpbackend] [main] o.s.boot.SpringApplication               : Application run failed

org.springframework.beans.factory.UnsatisfiedDependencyException: Error creating bean with name 'passwordController' defined in file [C:\Users\User\Desktop\SDP\SDPBE\target\classes\com\example\sdpbackend\controller\PasswordController.class]: Unsatisfied dependency expressed through constructor parameter 1: Error creating bean with name 'passwordResetService' defined in file [C:\Users\User\Desktop\SDP\SDPBE\target\classes\com\example\sdpbackend\service\PasswordResetService.class]: Unsatisfied dependency expressed through constructor parameter 0: Error creating bean with name 'passwordResetTokenRepository' defined in com.example.sdpbackend.repository.PasswordResetTokenRepository defined in @EnableJpaRepositories declared on JpaRepositoriesRegistrar.EnableJpaRepositoriesConfiguration: Not a managed type: class com.example.sdpbackend.entity.PasswordResetToken
	at org.springframework.beans.factory.support.ConstructorResolver.createArgumentArray(ConstructorResolver.java:804) ~[spring-beans-6.2.5.jar:6.2.5]
	at org.springframework.beans.factory.support.ConstructorResolver.autowireConstructor(ConstructorResolver.java:240) ~[spring-beans-6.2.5.jar:6.2.5]
	at org.springframework.beans.factory.support.AbstractAutowireCapableBeanFactory.autowireConstructor(AbstractAutowireCapableBeanFactory.java:1381) ~[spring-beans-6.2.5.jar:6.2.5]
	at org.springframework.beans.factory.support.AbstractAutowireCapableBeanFactory.createBeanInstance(AbstractAutowireCapableBeanFactory.java:1218) ~[spring-beans-6.2.5.jar:6.2.5]
	at org.springframework.beans.factory.support.AbstractAutowireCapableBeanFactory.doCreateBean(AbstractAutowireCapableBeanFactory.java:563) ~[spring-beans-6.2.5.jar:6.2.5]
	at org.springframework.beans.factory.support.AbstractAutowireCapableBeanFactory.createBean(AbstractAutowireCapableBeanFactory.java:523) ~[spring-beans-6.2.5.jar:6.2.5]
	at org.springframework.beans.factory.support.AbstractBeanFactory.lambda$doGetBean$0(AbstractBeanFactory.java:339) ~[spring-beans-6.2.5.jar:6.2.5]
	at org.springframework.beans.factory.support.DefaultSingletonBeanRegistry.getSingleton(DefaultSingletonBeanRegistry.java:347) ~[spring-beans-6.2.5.jar:6.2.5]
	at org.springframework.beans.factory.support.AbstractBeanFactory.doGetBean(AbstractBeanFactory.java:337) ~[spring-beans-6.2.5.jar:6.2.5]
	at org.springframework.beans.factory.support.AbstractBeanFactory.getBean(AbstractBeanFactory.java:202) ~[spring-beans-6.2.5.jar:6.2.5]
	at org.springframework.beans.factory.support.DefaultListableBeanFactory.instantiateSingleton(DefaultListableBeanFactory.java:1155) ~[spring-beans-6.2.5.jar:6.2.5]
	at org.springframework.beans.factory.support.DefaultListableBeanFactory.preInstantiateSingleton(DefaultListableBeanFactory.java:1121) ~[spring-beans-6.2.5.jar:6.2.5]
	at org.springframework.beans.factory.support.DefaultListableBeanFactory.preInstantiateSingletons(DefaultListableBeanFactory.java:1056) ~[spring-beans-6.2.5.jar:6.2.5]
	at org.springframework.context.support.AbstractApplicationContext.finishBeanFactoryInitialization(AbstractApplicationContext.java:987) ~[spring-context-6.2.5.jar:6.2.5]
	at org.springframework.context.support.AbstractApplicationContext.refresh(AbstractApplicationContext.java:627) ~[spring-context-6.2.5.jar:6.2.5]
	at org.springframework.boot.web.servlet.context.ServletWebServerApplicationContext.refresh(ServletWebServerApplicationContext.java:146) ~[spring-boot-3.4.4.jar:3.4.4]
	at org.springframework.boot.SpringApplication.refresh(SpringApplication.java:752) ~[spring-boot-3.4.4.jar:3.4.4]
	at org.springframework.boot.SpringApplication.refreshContext(SpringApplication.java:439) ~[spring-boot-3.4.4.jar:3.4.4]
	at org.springframework.boot.SpringApplication.run(SpringApplication.java:318) ~[spring-boot-3.4.4.jar:3.4.4]
	at org.springframework.boot.SpringApplication.run(SpringApplication.java:1361) ~[spring-boot-3.4.4.jar:3.4.4]
	at org.springframework.boot.SpringApplication.run(SpringApplication.java:1350) ~[spring-boot-3.4.4.jar:3.4.4]
	at com.example.sdpbackend.SdpbackendApplication.main(SdpbackendApplication.java:10) ~[classes/:na]
Caused by: org.springframework.beans.factory.UnsatisfiedDependencyException: Error creating bean with name 'passwordResetService' defined in file [C:\Users\User\Desktop\SDP\SDPBE\target\classes\com\example\sdpbackend\service\PasswordResetService.class]: Unsatisfied dependency expressed through constructor parameter 0: Error creating bean with name 'passwordResetTokenRepository' defined in com.example.sdpbackend.repository.PasswordResetTokenRepository defined in @EnableJpaRepositories declared on JpaRepositoriesRegistrar.EnableJpaRepositoriesConfiguration: Not a managed type: class com.example.sdpbackend.entity.PasswordResetToken
	at org.springframework.beans.factory.support.ConstructorResolver.createArgumentArray(ConstructorResolver.java:804) ~[spring-beans-6.2.5.jar:6.2.5]
	at org.springframework.beans.factory.support.ConstructorResolver.autowireConstructor(ConstructorResolver.java:240) ~[spring-beans-6.2.5.jar:6.2.5]
	at org.springframework.beans.factory.support.AbstractAutowireCapableBeanFactory.autowireConstructor(AbstractAutowireCapableBeanFactory.java:1381) ~[spring-beans-6.2.5.jar:6.2.5]
	at org.springframework.beans.factory.support.AbstractAutowireCapableBeanFactory.createBeanInstance(AbstractAutowireCapableBeanFactory.java:1218) ~[spring-beans-6.2.5.jar:6.2.5]
	at org.springframework.beans.factory.support.AbstractAutowireCapableBeanFactory.doCreateBean(AbstractAutowireCapableBeanFactory.java:563) ~[spring-beans-6.2.5.jar:6.2.5]
	at org.springframework.beans.factory.support.AbstractAutowireCapableBeanFactory.createBean(AbstractAutowireCapableBeanFactory.java:523) ~[spring-beans-6.2.5.jar:6.2.5]
	at org.springframework.beans.factory.support.AbstractBeanFactory.lambda$doGetBean$0(AbstractBeanFactory.java:339) ~[spring-beans-6.2.5.jar:6.2.5]
	at org.springframework.beans.factory.support.DefaultSingletonBeanRegistry.getSingleton(DefaultSingletonBeanRegistry.java:347) ~[spring-beans-6.2.5.jar:6.2.5]
	at org.springframework.beans.factory.support.AbstractBeanFactory.doGetBean(AbstractBeanFactory.java:337) ~[spring-beans-6.2.5.jar:6.2.5]
	at org.springframework.beans.factory.support.AbstractBeanFactory.getBean(AbstractBeanFactory.java:202) ~[spring-beans-6.2.5.jar:6.2.5]
	at org.springframework.beans.factory.support.DefaultListableBeanFactory.doResolveDependency(DefaultListableBeanFactory.java:1609) ~[spring-beans-6.2.5.jar:6.2.5]
	at org.springframework.beans.factory.support.DefaultListableBeanFactory.resolveDependency(DefaultListableBeanFactory.java:1555) ~[spring-beans-6.2.5.jar:6.2.5]
	at org.springframework.beans.factory.support.ConstructorResolver.resolveAutowiredArgument(ConstructorResolver.java:913) ~[spring-beans-6.2.5.jar:6.2.5]
	at org.springframework.beans.factory.support.ConstructorResolver.createArgumentArray(ConstructorResolver.java:791) ~[spring-beans-6.2.5.jar:6.2.5]
	... 21 common frames omitted
Caused by: org.springframework.beans.factory.BeanCreationException: Error creating bean with name 'passwordResetTokenRepository' defined in com.example.sdpbackend.repository.PasswordResetTokenRepository defined in @EnableJpaRepositories declared on JpaRepositoriesRegistrar.EnableJpaRepositoriesConfiguration: Not a managed type: class com.example.sdpbackend.entity.PasswordResetToken
	at org.springframework.beans.factory.support.AbstractAutowireCapableBeanFactory.initializeBean(AbstractAutowireCapableBeanFactory.java:1812) ~[spring-beans-6.2.5.jar:6.2.5]
	at org.springframework.beans.factory.support.AbstractAutowireCapableBeanFactory.doCreateBean(AbstractAutowireCapableBeanFactory.java:601) ~[spring-beans-6.2.5.jar:6.2.5]
	at org.springframework.beans.factory.support.AbstractAutowireCapableBeanFactory.createBean(AbstractAutowireCapableBeanFactory.java:523) ~[spring-beans-6.2.5.jar:6.2.5]
	at org.springframework.beans.factory.support.AbstractBeanFactory.lambda$doGetBean$0(AbstractBeanFactory.java:339) ~[spring-beans-6.2.5.jar:6.2.5]
	at org.springframework.beans.factory.support.DefaultSingletonBeanRegistry.getSingleton(DefaultSingletonBeanRegistry.java:347) ~[spring-beans-6.2.5.jar:6.2.5]
	at org.springframework.beans.factory.support.AbstractBeanFactory.doGetBean(AbstractBeanFactory.java:337) ~[spring-beans-6.2.5.jar:6.2.5]
	at org.springframework.beans.factory.support.AbstractBeanFactory.getBean(AbstractBeanFactory.java:202) ~[spring-beans-6.2.5.jar:6.2.5]
	at org.springframework.beans.factory.config.DependencyDescriptor.resolveCandidate(DependencyDescriptor.java:254) ~[spring-beans-6.2.5.jar:6.2.5]
	at org.springframework.beans.factory.support.DefaultListableBeanFactory.doResolveDependency(DefaultListableBeanFactory.java:1667) ~[spring-beans-6.2.5.jar:6.2.5]
	at org.springframework.beans.factory.support.DefaultListableBeanFactory.resolveDependency(DefaultListableBeanFactory.java:1555) ~[spring-beans-6.2.5.jar:6.2.5]
	at org.springframework.beans.factory.support.ConstructorResolver.resolveAutowiredArgument(ConstructorResolver.java:913) ~[spring-beans-6.2.5.jar:6.2.5]
	at org.springframework.beans.factory.support.ConstructorResolver.createArgumentArray(ConstructorResolver.java:791) ~[spring-beans-6.2.5.jar:6.2.5]
	... 34 common frames omitted
Caused by: java.lang.IllegalArgumentException: Not a managed type: class com.example.sdpbackend.entity.PasswordResetToken
	at org.hibernate.metamodel.model.domain.internal.JpaMetamodelImpl.managedType(JpaMetamodelImpl.java:223) ~[hibernate-core-6.6.11.Final.jar:6.6.11.Final]
	at org.hibernate.metamodel.model.domain.internal.MappingMetamodelImpl.managedType(MappingMetamodelImpl.java:470) ~[hibernate-core-6.6.11.Final.jar:6.6.11.Final]
	at org.hibernate.metamodel.model.domain.internal.MappingMetamodelImpl.managedType(MappingMetamodelImpl.java:100) ~[hibernate-core-6.6.11.Final.jar:6.6.11.Final]
	at org.springframework.data.jpa.repository.support.JpaMetamodelEntityInformation.<init>(JpaMetamodelEntityInformation.java:82) ~[spring-data-jpa-3.4.4.jar:3.4.4]
	at org.springframework.data.jpa.repository.support.JpaEntityInformationSupport.getEntityInformation(JpaEntityInformationSupport.java:69) ~[spring-data-jpa-3.4.4.jar:3.4.4]
	at org.springframework.data.jpa.repository.support.JpaRepositoryFactory.getEntityInformation(JpaRepositoryFactory.java:251) ~[spring-data-jpa-3.4.4.jar:3.4.4]
	at org.springframework.data.jpa.repository.support.JpaRepositoryFactory.getTargetRepository(JpaRepositoryFactory.java:215) ~[spring-data-jpa-3.4.4.jar:3.4.4]
	at org.springframework.data.jpa.repository.support.JpaRepositoryFactory.getTargetRepository(JpaRepositoryFactory.java:198) ~[spring-data-jpa-3.4.4.jar:3.4.4]
	at org.springframework.data.jpa.repository.support.JpaRepositoryFactory.getTargetRepository(JpaRepositoryFactory.java:1) ~[spring-data-jpa-3.4.4.jar:3.4.4]
	at org.springframework.data.repository.core.support.RepositoryFactorySupport.getRepository(RepositoryFactorySupport.java:377) ~[spring-data-commons-3.4.4.jar:3.4.4]
	at org.springframework.data.repository.core.support.RepositoryFactoryBeanSupport.lambda$afterPropertiesSet$4(RepositoryFactoryBeanSupport.java:350) ~[spring-data-commons-3.4.4.jar:3.4.4]
	at org.springframework.data.util.Lazy.getNullable(Lazy.java:135) ~[spring-data-commons-3.4.4.jar:3.4.4]
	at org.springframework.data.util.Lazy.get(Lazy.java:113) ~[spring-data-commons-3.4.4.jar:3.4.4]
	at org.springframework.data.repository.core.support.RepositoryFactoryBeanSupport.afterPropertiesSet(RepositoryFactoryBeanSupport.java:356) ~[spring-data-commons-3.4.4.jar:3.4.4]
	at org.springframework.data.jpa.repository.support.JpaRepositoryFactoryBean.afterPropertiesSet(JpaRepositoryFactoryBean.java:132) ~[spring-data-jpa-3.4.4.jar:3.4.4]
	at org.springframework.beans.factory.support.AbstractAutowireCapableBeanFactory.invokeInitMethods(AbstractAutowireCapableBeanFactory.java:1859) ~[spring-beans-6.2.5.jar:6.2.5]
	at org.springframework.beans.factory.support.AbstractAutowireCapableBeanFactory.initializeBean(AbstractAutowireCapableBeanFactory.java:1808) ~[spring-beans-6.2.5.jar:6.2.5]
	... 45 common frames omitted

2025-05-14T12:32:31.518+05:30  INFO 3596 --- [sdpbackend] [main] c.e.sdpbackend.SdpbackendApplication     : Starting SdpbackendApplication using Java 20.0.2 with PID 3596 (C:\Users\User\Desktop\SDP\SDPBE\target\classes started by User in C:\Users\User\Desktop\SDP\SDPBE)
2025-05-14T12:32:31.520+05:30  INFO 3596 --- [sdpbackend] [main] c.e.sdpbackend.SdpbackendApplication     : No active profile set, falling back to 1 default profile: "default"
2025-05-14T12:32:32.045+05:30  INFO 3596 --- [sdpbackend] [main] .s.d.r.c.RepositoryConfigurationDelegate : Bootstrapping Spring Data JPA repositories in DEFAULT mode.
2025-05-14T12:32:32.120+05:30  INFO 3596 --- [sdpbackend] [main] .s.d.r.c.RepositoryConfigurationDelegate : Finished Spring Data repository scanning in 68 ms. Found 15 JPA repository interfaces.
2025-05-14T12:32:32.530+05:30  INFO 3596 --- [sdpbackend] [main] o.s.b.w.embedded.tomcat.TomcatWebServer  : Tomcat initialized with port 8083 (http)
2025-05-14T12:32:32.540+05:30  INFO 3596 --- [sdpbackend] [main] o.apache.catalina.core.StandardService   : Starting service [Tomcat]
2025-05-14T12:32:32.540+05:30  INFO 3596 --- [sdpbackend] [main] o.apache.catalina.core.StandardEngine    : Starting Servlet engine: [Apache Tomcat/10.1.39]
2025-05-14T12:32:32.579+05:30  INFO 3596 --- [sdpbackend] [main] o.a.c.c.C.[Tomcat].[localhost].[/]       : Initializing Spring embedded WebApplicationContext
2025-05-14T12:32:32.579+05:30  INFO 3596 --- [sdpbackend] [main] w.s.c.ServletWebServerApplicationContext : Root WebApplicationContext: initialization completed in 1029 ms
2025-05-14T12:32:32.981+05:30  INFO 3596 --- [sdpbackend] [main] o.s.o.j.p.SpringPersistenceUnitInfo      : No LoadTimeWeaver setup: ignoring JPA class transformer
2025-05-14T12:32:33.004+05:30  INFO 3596 --- [sdpbackend] [main] com.zaxxer.hikari.HikariDataSource       : HikariPool-1 - Starting...
2025-05-14T12:32:33.228+05:30  INFO 3596 --- [sdpbackend] [main] com.zaxxer.hikari.pool.HikariPool        : HikariPool-1 - Added connection com.mysql.cj.jdbc.ConnectionImpl@76fc5687
2025-05-14T12:32:33.230+05:30  INFO 3596 --- [sdpbackend] [main] com.zaxxer.hikari.HikariDataSource       : HikariPool-1 - Start completed.
2025-05-14T12:32:34.335+05:30  INFO 3596 --- [sdpbackend] [main] j.LocalContainerEntityManagerFactoryBean : Initialized JPA EntityManagerFactory for persistence unit 'default'
2025-05-14T12:32:34.737+05:30  INFO 3596 --- [sdpbackend] [main] o.s.d.j.r.query.QueryEnhancerFactory     : Hibernate is in classpath; If applicable, HQL parser will be used.
2025-05-14T12:32:35.313+05:30  WARN 3596 --- [sdpbackend] [main] JpaBaseConfiguration$JpaWebConfiguration : spring.jpa.open-in-view is enabled by default. Therefore, database queries may be performed during view rendering. Explicitly configure spring.jpa.open-in-view to disable this warning
2025-05-14T12:32:35.330+05:30  WARN 3596 --- [sdpbackend] [main] .s.s.UserDetailsServiceAutoConfiguration : 

Using generated security password: 10e5c372-a842-45cb-a154-4f374ad88226

This generated password is for development use only. Your security configuration must be updated before running your application in production.

2025-05-14T12:32:35.337+05:30  INFO 3596 --- [sdpbackend] [main] r$InitializeUserDetailsManagerConfigurer : Global AuthenticationManager configured with UserDetailsService bean with name inMemoryUserDetailsManager
2025-05-14T12:32:35.823+05:30  INFO 3596 --- [sdpbackend] [main] o.s.b.w.embedded.tomcat.TomcatWebServer  : Tomcat started on port 8083 (http) with context path '/'
2025-05-14T12:32:35.829+05:30  INFO 3596 --- [sdpbackend] [main] c.e.sdpbackend.SdpbackendApplication     : Started SdpbackendApplication in 4.644 seconds (process running for 5.079)
2025-05-14T12:32:48.392+05:30  INFO 3596 --- [sdpbackend] [http-nio-8083-exec-1] o.a.c.c.C.[Tomcat].[localhost].[/]       : Initializing Spring DispatcherServlet 'dispatcherServlet'
2025-05-14T12:32:48.393+05:30  INFO 3596 --- [sdpbackend] [http-nio-8083-exec-1] o.s.web.servlet.DispatcherServlet        : Initializing Servlet 'dispatcherServlet'
2025-05-14T12:32:48.394+05:30  INFO 3596 --- [sdpbackend] [http-nio-8083-exec-1] o.s.web.servlet.DispatcherServlet        : Completed initialization in 1 ms
2025-05-14T12:33:33.741+05:30  INFO 3596 --- [sdpbackend] [http-nio-8083-exec-3] c.e.s.config.JwtAuthenticationFilter     : Processing token for user: rid123 with role: ADMIN
2025-05-14T12:33:33.741+05:30  INFO 3596 --- [sdpbackend] [http-nio-8083-exec-2] c.e.s.config.JwtAuthenticationFilter     : Processing token for user: rid123 with role: ADMIN
2025-05-14T12:33:33.742+05:30  INFO 3596 --- [sdpbackend] [http-nio-8083-exec-3] c.e.s.config.JwtAuthenticationFilter     : Authenticated user: rid123 with role: ROLE_ADMIN
2025-05-14T12:33:33.742+05:30  INFO 3596 --- [sdpbackend] [http-nio-8083-exec-2] c.e.s.config.JwtAuthenticationFilter     : Authenticated user: rid123 with role: ROLE_ADMIN
2025-05-14T12:33:51.333+05:30  INFO 3596 --- [sdpbackend] [http-nio-8083-exec-8] c.e.s.config.JwtAuthenticationFilter     : Processing token for user: rid123 with role: ADMIN
2025-05-14T12:33:51.334+05:30  INFO 3596 --- [sdpbackend] [http-nio-8083-exec-8] c.e.s.config.JwtAuthenticationFilter     : Authenticated user: rid123 with role: ROLE_ADMIN
2025-05-14T12:33:51.334+05:30  INFO 3596 --- [sdpbackend] [http-nio-8083-exec-9] c.e.s.config.JwtAuthenticationFilter     : Processing token for user: rid123 with role: ADMIN
2025-05-14T12:33:51.334+05:30  INFO 3596 --- [sdpbackend] [http-nio-8083-exec-9] c.e.s.config.JwtAuthenticationFilter     : Authenticated user: rid123 with role: ROLE_ADMIN
2025-05-14T12:33:51.343+05:30  INFO 3596 --- [sdpbackend] [http-nio-8083-exec-4] c.e.s.config.JwtAuthenticationFilter     : Processing token for user: rid123 with role: ADMIN
2025-05-14T12:33:51.344+05:30  INFO 3596 --- [sdpbackend] [http-nio-8083-exec-4] c.e.s.config.JwtAuthenticationFilter     : Authenticated user: rid123 with role: ROLE_ADMIN
2025-05-14T12:33:53.405+05:30  INFO 3596 --- [sdpbackend] [http-nio-8083-exec-1] c.e.s.config.JwtAuthenticationFilter     : Processing token for user: rid123 with role: ADMIN
2025-05-14T12:33:53.405+05:30  INFO 3596 --- [sdpbackend] [http-nio-8083-exec-1] c.e.s.config.JwtAuthenticationFilter     : Authenticated user: rid123 with role: ROLE_ADMIN
2025-05-14T12:33:56.973+05:30  INFO 3596 --- [sdpbackend] [http-nio-8083-exec-6] c.e.s.config.JwtAuthenticationFilter     : Processing token for user: rid123 with role: ADMIN
2025-05-14T12:33:56.973+05:30  INFO 3596 --- [sdpbackend] [http-nio-8083-exec-5] c.e.s.config.JwtAuthenticationFilter     : Processing token for user: rid123 with role: ADMIN
2025-05-14T12:33:56.973+05:30  INFO 3596 --- [sdpbackend] [http-nio-8083-exec-6] c.e.s.config.JwtAuthenticationFilter     : Authenticated user: rid123 with role: ROLE_ADMIN
2025-05-14T12:33:56.973+05:30  INFO 3596 --- [sdpbackend] [http-nio-8083-exec-5] c.e.s.config.JwtAuthenticationFilter     : Authenticated user: rid123 with role: ROLE_ADMIN
2025-05-14T12:33:56.975+05:30  INFO 3596 --- [sdpbackend] [http-nio-8083-exec-5] c.e.s.controller.PaymentController       : Fetching pending verification payments
2025-05-14T12:33:56.975+05:30  INFO 3596 --- [sdpbackend] [http-nio-8083-exec-6] c.e.s.controller.PaymentController       : Fetching recently verified payments
2025-05-14T12:33:56.975+05:30  INFO 3596 --- [sdpbackend] [http-nio-8083-exec-5] c.e.sdpbackend.service.PaymentService    : Fetching pending payments for verification
2025-05-14T12:33:56.975+05:30  INFO 3596 --- [sdpbackend] [http-nio-8083-exec-6] c.e.sdpbackend.service.PaymentService    : Fetching recently verified payments
2025-05-14T12:33:57.191+05:30  INFO 3596 --- [sdpbackend] [http-nio-8083-exec-6] c.e.s.controller.PaymentController       : Successfully fetched 0 recently verified payments
2025-05-14T12:33:57.191+05:30  INFO 3596 --- [sdpbackend] [http-nio-8083-exec-5] c.e.s.controller.PaymentController       : Successfully fetched 0 pending verification payments
2025-05-14T12:33:58.776+05:30  INFO 3596 --- [sdpbackend] [http-nio-8083-exec-8] c.e.s.config.JwtAuthenticationFilter     : Processing token for user: rid123 with role: ADMIN
2025-05-14T12:33:58.776+05:30  INFO 3596 --- [sdpbackend] [http-nio-8083-exec-8] c.e.s.config.JwtAuthenticationFilter     : Authenticated user: rid123 with role: ROLE_ADMIN
2025-05-14T12:33:58.782+05:30  WARN 3596 --- [sdpbackend] [http-nio-8083-exec-8] .w.s.m.s.DefaultHandlerExceptionResolver : Resolved [org.springframework.web.method.annotation.MethodArgumentTypeMismatchException: Method parameter 'orderId': Failed to convert value of type 'java.lang.String' to required type 'java.lang.Long'; For input string: "payments"]
2025-05-14T12:34:03.084+05:30  INFO 3596 --- [sdpbackend] [http-nio-8083-exec-10] c.e.s.config.JwtAuthenticationFilter     : Processing token for user: rid123 with role: ADMIN
2025-05-14T12:34:03.084+05:30  INFO 3596 --- [sdpbackend] [http-nio-8083-exec-10] c.e.s.config.JwtAuthenticationFilter     : Authenticated user: rid123 with role: ROLE_ADMIN
2025-05-14T12:34:03.105+05:30  INFO 3596 --- [sdpbackend] [http-nio-8083-exec-2] c.e.s.config.JwtAuthenticationFilter     : Processing token for user: rid123 with role: ADMIN
2025-05-14T12:34:03.106+05:30  INFO 3596 --- [sdpbackend] [http-nio-8083-exec-2] c.e.s.config.JwtAuthenticationFilter     : Authenticated user: rid123 with role: ROLE_ADMIN
2025-05-14T12:34:45.517+05:30  INFO 3596 --- [sdpbackend] [http-nio-8083-exec-10] c.e.s.config.JwtAuthenticationFilter     : Processing token for user: liya123 with role: CUSTOMER
2025-05-14T12:34:45.518+05:30  INFO 3596 --- [sdpbackend] [http-nio-8083-exec-10] c.e.s.config.JwtAuthenticationFilter     : Authenticated user: liya123 with role: ROLE_CUSTOMER
